# JRE version: OpenJDK Runtime Environment (17.0.8.1+1) (build 17.0.8.1+1-Ubuntu-0ubuntu122.04)
# Java VM: OpenJDK 64-Bit Server VM (17.0.8.1+1-Ubuntu-0ubuntu122.04, mixed mode, sharing, tiered, compressed oops, compressed class ptrs, g1 gc, linux-amd64)
GC Precious Log:
 CPUs: 8 total, 8 available
 Memory: 7918M
 Large Page Support: Disabled
 NUMA Support: Disabled
 Compressed Oops: Enabled (32-bit)
 Heap Region Size: 1M
 Heap Min Capacity: 8M
 Heap Initial Capacity: 124M
 Heap Max Capacity: 1980M
 Pre-touch: Disabled
 Parallel Workers: 8
 Concurrent Workers: 2
 Concurrent Refinement Workers: 8
 Periodic GC: Disabled
Heap:
 garbage-first heap   total 24576K, used 6671K [0x0000000084400000, 0x0000000100000000)
  region size 1024K, 2 young (2048K), 0 survivors (0K)
 Metaspace       used 2300K, committed 2432K, reserved 1114112K
  class space    used 206K, committed 256K, reserved 1048576K
GC Heap History (16 events):
Event: 0.208 GC heap before
{Heap before GC invocations=0 (full 0):
 garbage-first heap   total 129024K, used 4076K [0x0000000084400000, 0x0000000100000000)
  region size 1024K, 4 young (4096K), 0 survivors (0K)
 Metaspace       used 1437K, committed 1536K, reserved 1114112K
  class space    used 135K, committed 192K, reserved 1048576K
}
Event: 0.214 GC heap after
{Heap after GC invocations=1 (full 1):
 garbage-first heap   total 17408K, used 1581K [0x0000000084400000, 0x0000000100000000)
  region size 1024K, 0 young (0K), 0 survivors (0K)
 Metaspace       used 1437K, committed 1536K, reserved 1114112K
  class space    used 135K, committed 192K, reserved 1048576K
}
Event: 0.287 GC heap before
{Heap before GC invocations=1 (full 1):
 garbage-first heap   total 17408K, used 2605K [0x0000000084400000, 0x0000000100000000)
  region size 1024K, 2 young (2048K), 0 survivors (0K)
 Metaspace       used 1519K, committed 1600K, reserved 1114112K
  class space    used 140K, committed 192K, reserved 1048576K
}
Event: 0.294 GC heap after
{Heap after GC invocations=2 (full 2):
 garbage-first heap   total 10240K, used 1875K [0x0000000084400000, 0x0000000100000000)
  region size 1024K, 0 young (0K), 0 survivors (0K)
 Metaspace       used 1519K, committed 1600K, reserved 1114112K
  class space    used 140K, committed 192K, reserved 1048576K
}
Event: 0.377 GC heap before
{Heap before GC invocations=2 (full 2):
 garbage-first heap   total 10240K, used 3923K [0x0000000084400000, 0x0000000100000000)
  region size 1024K, 2 young (2048K), 0 survivors (0K)
 Metaspace       used 2012K, committed 2176K, reserved 1114112K
  class space    used 190K, committed 256K, reserved 1048576K
}
Event: 0.379 GC heap after
{Heap after GC invocations=3 (full 2):
 garbage-first heap   total 10240K, used 2259K [0x0000000084400000, 0x0000000100000000)
  region size 1024K, 1 young (1024K), 1 survivors (1024K)
 Metaspace       used 2012K, committed 2176K, reserved 1114112K
  class space    used 190K, committed 256K, reserved 1048576K
}
Event: 0.388 GC heap before
{Heap before GC invocations=3 (full 2):
 garbage-first heap   total 10240K, used 4307K [0x0000000084400000, 0x0000000100000000)
  region size 1024K, 3 young (3072K), 1 survivors (1024K)
 Metaspace       used 2036K, committed 2176K, reserved 1114112K
  class space    used 190K, committed 256K, reserved 1048576K
}
Event: 0.390 GC heap after
{Heap after GC invocations=4 (full 2):
 garbage-first heap   total 10240K, used 2421K [0x0000000084400000, 0x0000000100000000)
  region size 1024K, 1 young (1024K), 1 survivors (1024K)
 Metaspace       used 2036K, committed 2176K, reserved 1114112K
  class space    used 190K, committed 256K, reserved 1048576K
}
Event: 0.398 GC heap before
{Heap before GC invocations=4 (full 2):
 garbage-first heap   total 10240K, used 4469K [0x0000000084400000, 0x0000000100000000)
  region size 1024K, 3 young (3072K), 1 survivors (1024K)
 Metaspace       used 2041K, committed 2176K, reserved 1114112K
  class space    used 190K, committed 256K, reserved 1048576K
}
Event: 0.400 GC heap after
{Heap after GC invocations=5 (full 2):
 garbage-first heap   total 10240K, used 2671K [0x0000000084400000, 0x0000000100000000)
  region size 1024K, 1 young (1024K), 1 survivors (1024K)
 Metaspace       used 2041K, committed 2176K, reserved 1114112K
  class space    used 190K, committed 256K, reserved 1048576K
}
Event: 0.406 GC heap before
{Heap before GC invocations=5 (full 2):
 garbage-first heap   total 10240K, used 4719K [0x0000000084400000, 0x0000000100000000)
  region size 1024K, 3 young (3072K), 1 survivors (1024K)
 Metaspace       used 2042K, committed 2176K, reserved 1114112K
  class space    used 190K, committed 256K, reserved 1048576K
}
Event: 0.408 GC heap after
{Heap after GC invocations=6 (full 2):
 garbage-first heap   total 68608K, used 2901K [0x0000000084400000, 0x0000000100000000)
  region size 1024K, 1 young (1024K), 1 survivors (1024K)
 Metaspace       used 2042K, committed 2176K, reserved 1114112K
  class space    used 190K, committed 256K, reserved 1048576K
}
Event: 0.594 GC heap before
{Heap before GC invocations=6 (full 2):
 garbage-first heap   total 68608K, used 25429K [0x0000000084400000, 0x0000000100000000)
  region size 1024K, 24 young (24576K), 1 survivors (1024K)
 Metaspace       used 2227K, committed 2368K, reserved 1114112K
  class space    used 199K, committed 256K, reserved 1048576K
}
Event: 0.610 GC heap after
{Heap after GC invocations=7 (full 3):
 garbage-first heap   total 27648K, used 5641K [0x0000000084400000, 0x0000000100000000)
  region size 1024K, 0 young (0K), 0 survivors (0K)
 Metaspace       used 2227K, committed 2368K, reserved 1114112K
  class space    used 199K, committed 256K, reserved 1048576K
}
Event: 0.646 GC heap before
{Heap before GC invocations=7 (full 3):
 garbage-first heap   total 27648K, used 5641K [0x0000000084400000, 0x0000000100000000)
  region size 1024K, 1 young (1024K), 0 survivors (0K)
 Metaspace       used 2227K, committed 2368K, reserved 1114112K
  class space    used 199K, committed 256K, reserved 1048576K
}
Event: 0.653 GC heap after
{Heap after GC invocations=8 (full 4):
 garbage-first heap   total 24576K, used 5647K [0x0000000084400000, 0x0000000100000000)
  region size 1024K, 0 young (0K), 0 survivors (0K)
 Metaspace       used 2227K, committed 2368K, reserved 1114112K
  class space    used 199K, committed 256K, reserved 1048576K
}

